{"D:\\travail\\SR10\\poleEmploi\\model\\db.js": {"path":"D:\\travail\\SR10\\poleEmploi\\model\\db.js","statementMap":{"0":{"start":{"line":1,"column":12},"end":{"line":1,"column":29}},"1":{"start":{"line":3,"column":11},"end":{"line":8,"column":2}},"2":{"start":{"line":10,"column":0},"end":{"line":10,"column":22}}},"fnMap":{},"branchMap":{},"s":{"0":1,"1":1,"2":1},"f":{},"b":{},"_coverageSchema":"1a1c01bbd47fc00a2c39e90264f33305004495a9","hash":"57fef851fe0272062b825a7896f7a383ed1e0f15"}
,"D:\\travail\\SR10\\poleEmploi\\model\\organisation.js": {"path":"D:\\travail\\SR10\\poleEmploi\\model\\organisation.js","statementMap":{"0":{"start":{"line":1,"column":9},"end":{"line":1,"column":27}},"1":{"start":{"line":3,"column":0},"end":{"line":52,"column":2}},"2":{"start":{"line":5,"column":8},"end":{"line":10,"column":11}},"3":{"start":{"line":6,"column":12},"end":{"line":8,"column":13}},"4":{"start":{"line":7,"column":16},"end":{"line":7,"column":37}},"5":{"start":{"line":9,"column":12},"end":{"line":9,"column":46}},"6":{"start":{"line":13,"column":8},"end":{"line":18,"column":11}},"7":{"start":{"line":14,"column":12},"end":{"line":16,"column":13}},"8":{"start":{"line":15,"column":16},"end":{"line":15,"column":37}},"9":{"start":{"line":17,"column":12},"end":{"line":17,"column":43}},"10":{"start":{"line":21,"column":8},"end":{"line":26,"column":11}},"11":{"start":{"line":22,"column":12},"end":{"line":24,"column":13}},"12":{"start":{"line":23,"column":16},"end":{"line":23,"column":37}},"13":{"start":{"line":25,"column":12},"end":{"line":25,"column":34}},"14":{"start":{"line":29,"column":8},"end":{"line":34,"column":11}},"15":{"start":{"line":30,"column":12},"end":{"line":32,"column":13}},"16":{"start":{"line":31,"column":16},"end":{"line":31,"column":37}},"17":{"start":{"line":33,"column":12},"end":{"line":33,"column":34}},"18":{"start":{"line":37,"column":8},"end":{"line":42,"column":11}},"19":{"start":{"line":38,"column":12},"end":{"line":40,"column":13}},"20":{"start":{"line":39,"column":16},"end":{"line":39,"column":37}},"21":{"start":{"line":41,"column":12},"end":{"line":41,"column":34}},"22":{"start":{"line":45,"column":8},"end":{"line":50,"column":11}},"23":{"start":{"line":46,"column":12},"end":{"line":48,"column":13}},"24":{"start":{"line":47,"column":16},"end":{"line":47,"column":37}},"25":{"start":{"line":49,"column":12},"end":{"line":49,"column":34}}},"fnMap":{"0":{"name":"(anonymous_0)","decl":{"start":{"line":4,"column":10},"end":{"line":4,"column":11}},"loc":{"start":{"line":4,"column":37},"end":{"line":11,"column":5}},"line":4},"1":{"name":"(anonymous_1)","decl":{"start":{"line":5,"column":72},"end":{"line":5,"column":73}},"loc":{"start":{"line":5,"column":96},"end":{"line":10,"column":9}},"line":5},"2":{"name":"(anonymous_2)","decl":{"start":{"line":12,"column":13},"end":{"line":12,"column":14}},"loc":{"start":{"line":12,"column":33},"end":{"line":19,"column":5}},"line":12},"3":{"name":"(anonymous_3)","decl":{"start":{"line":13,"column":51},"end":{"line":13,"column":52}},"loc":{"start":{"line":13,"column":75},"end":{"line":18,"column":9}},"line":13},"4":{"name":"(anonymous_4)","decl":{"start":{"line":20,"column":12},"end":{"line":20,"column":13}},"loc":{"start":{"line":20,"column":75},"end":{"line":27,"column":5}},"line":20},"5":{"name":"(anonymous_5)","decl":{"start":{"line":21,"column":154},"end":{"line":21,"column":155}},"loc":{"start":{"line":21,"column":169},"end":{"line":26,"column":9}},"line":21},"6":{"name":"(anonymous_6)","decl":{"start":{"line":28,"column":12},"end":{"line":28,"column":13}},"loc":{"start":{"line":28,"column":39},"end":{"line":35,"column":5}},"line":28},"7":{"name":"(anonymous_7)","decl":{"start":{"line":29,"column":70},"end":{"line":29,"column":71}},"loc":{"start":{"line":29,"column":85},"end":{"line":34,"column":9}},"line":29},"8":{"name":"(anonymous_8)","decl":{"start":{"line":36,"column":18},"end":{"line":36,"column":19}},"loc":{"start":{"line":36,"column":50},"end":{"line":43,"column":5}},"line":36},"9":{"name":"(anonymous_9)","decl":{"start":{"line":37,"column":82},"end":{"line":37,"column":83}},"loc":{"start":{"line":37,"column":97},"end":{"line":42,"column":9}},"line":37},"10":{"name":"(anonymous_10)","decl":{"start":{"line":44,"column":19},"end":{"line":44,"column":20}},"loc":{"start":{"line":44,"column":60},"end":{"line":51,"column":5}},"line":44},"11":{"name":"(anonymous_11)","decl":{"start":{"line":45,"column":100},"end":{"line":45,"column":101}},"loc":{"start":{"line":45,"column":115},"end":{"line":50,"column":9}},"line":45}},"branchMap":{"0":{"loc":{"start":{"line":6,"column":12},"end":{"line":8,"column":13}},"type":"if","locations":[{"start":{"line":6,"column":12},"end":{"line":8,"column":13}},{"start":{},"end":{}}],"line":6},"1":{"loc":{"start":{"line":14,"column":12},"end":{"line":16,"column":13}},"type":"if","locations":[{"start":{"line":14,"column":12},"end":{"line":16,"column":13}},{"start":{},"end":{}}],"line":14},"2":{"loc":{"start":{"line":22,"column":12},"end":{"line":24,"column":13}},"type":"if","locations":[{"start":{"line":22,"column":12},"end":{"line":24,"column":13}},{"start":{},"end":{}}],"line":22},"3":{"loc":{"start":{"line":30,"column":12},"end":{"line":32,"column":13}},"type":"if","locations":[{"start":{"line":30,"column":12},"end":{"line":32,"column":13}},{"start":{},"end":{}}],"line":30},"4":{"loc":{"start":{"line":38,"column":12},"end":{"line":40,"column":13}},"type":"if","locations":[{"start":{"line":38,"column":12},"end":{"line":40,"column":13}},{"start":{},"end":{}}],"line":38},"5":{"loc":{"start":{"line":46,"column":12},"end":{"line":48,"column":13}},"type":"if","locations":[{"start":{"line":46,"column":12},"end":{"line":48,"column":13}},{"start":{},"end":{}}],"line":46}},"s":{"0":1,"1":1,"2":4,"3":4,"4":0,"5":4,"6":1,"7":1,"8":0,"9":1,"10":1,"11":1,"12":0,"13":1,"14":1,"15":1,"16":0,"17":1,"18":0,"19":0,"20":0,"21":0,"22":0,"23":0,"24":0,"25":0},"f":{"0":4,"1":4,"2":1,"3":1,"4":1,"5":1,"6":1,"7":1,"8":0,"9":0,"10":0,"11":0},"b":{"0":[0,4],"1":[0,1],"2":[0,1],"3":[0,1],"4":[0,0],"5":[0,0]},"_coverageSchema":"1a1c01bbd47fc00a2c39e90264f33305004495a9","hash":"389b10cd1ee83ea22119965a0bbd69e06836f4ec"}
}
