TN:
SF:model\db.js
FNF:0
FNH:0
DA:1,1
DA:3,1
DA:10,1
LF:3
LH:3
BRF:0
BRH:0
end_of_record
TN:
SF:model\organisation.js
FN:4,(anonymous_0)
FN:5,(anonymous_1)
FN:12,(anonymous_2)
FN:13,(anonymous_3)
FN:20,(anonymous_4)
FN:21,(anonymous_5)
FN:28,(anonymous_6)
FN:29,(anonymous_7)
FN:36,(anonymous_8)
FN:37,(anonymous_9)
FN:44,(anonymous_10)
FN:45,(anonymous_11)
FNF:12
FNH:8
FNDA:4,(anonymous_0)
FNDA:4,(anonymous_1)
FNDA:1,(anonymous_2)
FNDA:1,(anonymous_3)
FNDA:1,(anonymous_4)
FNDA:1,(anonymous_5)
FNDA:1,(anonymous_6)
FNDA:1,(anonymous_7)
FNDA:0,(anonymous_8)
FNDA:0,(anonymous_9)
FNDA:0,(anonymous_10)
FNDA:0,(anonymous_11)
DA:1,1
DA:3,1
DA:5,4
DA:6,4
DA:7,0
DA:9,4
DA:13,1
DA:14,1
DA:15,0
DA:17,1
DA:21,1
DA:22,1
DA:23,0
DA:25,1
DA:29,1
DA:30,1
DA:31,0
DA:33,1
DA:37,0
DA:38,0
DA:39,0
DA:41,0
DA:45,0
DA:46,0
DA:47,0
DA:49,0
LF:26
LH:14
BRDA:6,0,0,0
BRDA:6,0,1,4
BRDA:14,1,0,0
BRDA:14,1,1,1
BRDA:22,2,0,0
BRDA:22,2,1,1
BRDA:30,3,0,0
BRDA:30,3,1,1
BRDA:38,4,0,0
BRDA:38,4,1,0
BRDA:46,5,0,0
BRDA:46,5,1,0
BRF:12
BRH:4
end_of_record
